ARLog_android_exported/unityLibrary/build/outputs/logs/manifest-merger-release-report.txt
-- Merging decision tree log ---
manifest
ADDED from src\main\AndroidManifest.xml:3:1-36:12
INJECTED from src\main\AndroidManifest.xml:3:1-36:12
INJECTED from src\main\AndroidManifest.xml:3:1-36:12
INJECTED from src\main\AndroidManifest.xml:3:1-36:12
INJECTED from src\main\AndroidManifest.xml:3:1-36:12
INJECTED from src\main\AndroidManifest.xml:3:1-36:12
INJECTED from src\main\AndroidManifest.xml:3:1-36:12
	package
		ADDED from src\main\AndroidManifest.xml:3:70-98
		INJECTED from src\main\AndroidManifest.xml
		INJECTED from src\main\AndroidManifest.xml
	android:versionName
		INJECTED from src\main\AndroidManifest.xml
		ADDED from src\main\AndroidManifest.xml:3:1-36:12
		INJECTED from src\main\AndroidManifest.xml
	xmlns:tools
		ADDED from src\main\AndroidManifest.xml:3:99-145
	android:versionCode
		INJECTED from src\main\AndroidManifest.xml
		ADDED from src\main\AndroidManifest.xml:3:1-36:12
		INJECTED from src\main\AndroidManifest.xml
	xmlns:android
		ADDED from src\main\AndroidManifest.xml:3:11-69
uses-permission#android.permission.READ_EXTERNAL_STORAGE
ADDED from src\main\AndroidManifest.xml:4:3-77
	android:name
		ADDED from src\main\AndroidManifest.xml:4:20-75
uses-permission#android.permission.WRITE_EXTERNAL_STORAGE
ADDED from src\main\AndroidManifest.xml:5:3-79
	android:name
		ADDED from src\main\AndroidManifest.xml:5:20-76
uses-permission#android.permission.INTERNET
ADDED from src\main\AndroidManifest.xml:6:3-64
	android:name
		ADDED from src\main\AndroidManifest.xml:6:20-62
application
ADDED from src\main\AndroidManifest.xml:8:3-26:17
activity#com.unity3d.player.UnityPlayerActivity
ADDED from src\main\AndroidManifest.xml:9:5-12:16
	android:screenOrientation
		ADDED from src\main\AndroidManifest.xml:9:111-147
	android:launchMode
		ADDED from src\main\AndroidManifest.xml:9:148-179
	android:hardwareAccelerated
		ADDED from src\main\AndroidManifest.xml:9:362-397
	android:configChanges
		ADDED from src\main\AndroidManifest.xml:9:180-361
	android:theme
		ADDED from src\main\AndroidManifest.xml:9:69-110
	android:name
		ADDED from src\main\AndroidManifest.xml:9:15-68
meta-data#unityplayer.UnityActivity
ADDED from src\main\AndroidManifest.xml:11:7-82
	android:value
		ADDED from src\main\AndroidManifest.xml:11:59-79
	android:name
		ADDED from src\main\AndroidManifest.xml:11:18-58
uses-library#org.apache.http.legacy
ADDED from src\main\AndroidManifest.xml:14:5-83
	android:required
		ADDED from src\main\AndroidManifest.xml:14:57-81
	android:name
		ADDED from src\main\AndroidManifest.xml:14:19-56
activity#com.unity3d.player.MainActivity
ADDED from src\main\AndroidManifest.xml:15:5-20:16
	android:name
		ADDED from src\main\AndroidManifest.xml:15:15-43
intent-filter#action:name:android.intent.action.MAIN+category:name:android.intent.category.LAUNCHER
ADDED from src\main\AndroidManifest.xml:16:7-19:23
action#android.intent.action.MAIN
ADDED from src\main\AndroidManifest.xml:17:9-61
	android:name
		ADDED from src\main\AndroidManifest.xml:17:17-58
category#android.intent.category.LAUNCHER
ADDED from src\main\AndroidManifest.xml:18:9-69
	android:name
		ADDED from src\main\AndroidManifest.xml:18:19-66
meta-data#unity.splash-mode
ADDED from src\main\AndroidManifest.xml:22:5-69
	android:value
		ADDED from src\main\AndroidManifest.xml:22:49-66
	android:name
		ADDED from src\main\AndroidManifest.xml:22:16-48
meta-data#unity.splash-enable
ADDED from src\main\AndroidManifest.xml:23:5-74
	android:value
		ADDED from src\main\AndroidManifest.xml:23:51-71
	android:name
		ADDED from src\main\AndroidManifest.xml:23:16-50
meta-data#unity.build-id
ADDED from src\main\AndroidManifest.xml:24:5-101
	android:value
		ADDED from src\main\AndroidManifest.xml:24:46-98
	android:name
		ADDED from src\main\AndroidManifest.xml:24:16-45
meta-data#com.google.ar.core
ADDED from src\main\AndroidManifest.xml:25:5-77
	android:value
		ADDED from src\main\AndroidManifest.xml:25:50-74
	android:name
		ADDED from src\main\AndroidManifest.xml:25:16-49
uses-feature#0x00020000
ADDED from src\main\AndroidManifest.xml:27:3-52
	android:glEsVersion
		ADDED from src\main\AndroidManifest.xml:27:17-49
uses-feature#android.hardware.vulkan.version
ADDED from src\main\AndroidManifest.xml:28:3-91
	android:required
		ADDED from src\main\AndroidManifest.xml:28:64-88
	android:name
		ADDED from src\main\AndroidManifest.xml:28:17-63
uses-permission#android.permission.CAMERA
ADDED from src\main\AndroidManifest.xml:29:3-63
	android:name
		ADDED from src\main\AndroidManifest.xml:29:20-60
uses-feature#android.hardware.camera
ADDED from src\main\AndroidManifest.xml:30:3-83
	android:required
		ADDED from src\main\AndroidManifest.xml:30:56-80
	android:name
		ADDED from src\main\AndroidManifest.xml:30:17-55
uses-feature#android.hardware.camera.autofocus
ADDED from src\main\AndroidManifest.xml:31:3-93
	android:required
		ADDED from src\main\AndroidManifest.xml:31:66-90
	android:name
		ADDED from src\main\AndroidManifest.xml:31:17-65
uses-feature#android.hardware.camera.front
ADDED from src\main\AndroidManifest.xml:32:3-89
	android:required
		ADDED from src\main\AndroidManifest.xml:32:62-86
	android:name
		ADDED from src\main\AndroidManifest.xml:32:17-61
uses-feature#android.hardware.touchscreen
ADDED from src\main\AndroidManifest.xml:33:3-88
	android:required
		ADDED from src\main\AndroidManifest.xml:33:61-85
	android:name
		ADDED from src\main\AndroidManifest.xml:33:17-60
uses-feature#android.hardware.touchscreen.multitouch
ADDED from src\main\AndroidManifest.xml:34:3-99
	android:required
		ADDED from src\main\AndroidManifest.xml:34:72-96
	android:name
		ADDED from src\main\AndroidManifest.xml:34:17-71
uses-feature#android.hardware.touchscreen.multitouch.distinct
ADDED from src\main\AndroidManifest.xml:35:3-108
	android:required
		ADDED from src\main\AndroidManifest.xml:35:81-105
	android:name
		ADDED from src\main\AndroidManifest.xml:35:17-80
uses-sdk
INJECTED from src\main\AndroidManifest.xml reason: use-sdk injection requested
INJECTED from src\main\AndroidManifest.xml
INJECTED from src\main\AndroidManifest.xml
INJECTED from src\main\AndroidManifest.xml
INJECTED from src\main\AndroidManifest.xml
	android:targetSdkVersion
		INJECTED from src\main\AndroidManifest.xml
		ADDED from src\main\AndroidManifest.xml
		INJECTED from src\main\AndroidManifest.xml
	android:minSdkVersion
		INJECTED from src\main\AndroidManifest.xml
		ADDED from src\main\AndroidManifest.xml
		INJECTED from src\main\AndroidManifest.xml